<?xml version="1.0" encoding="UTF-8"?>
<!-- Generated by org.testng.reporters.JUnitReportReporter -->
<testsuite hostname="Siddhesh-PC" failures="0" tests="5" name="dataprovider.TestExcel" time="0.007" errors="0" timestamp="2024-03-10T21:02:56 IST" skipped="0">
  <testcase classname="dataprovider.TestExcel" name="getData" time="0.000"/>
  <testcase classname="dataprovider.TestExcel" name="getData" time="0.001"/>
  <testcase classname="dataprovider.TestExcel" name="getData" time="0.001"/>
  <testcase classname="dataprovider.TestExcel" name="getData" time="0.004"/>
  <testcase classname="dataprovider.TestExcel" name="getData" time="0.001"/>
</testsuite> <!-- dataprovider.TestExcel -->
